<?xml version="1.0" encoding="UTF-8"?>
<testsuite name="com.bestbuyapi.cucumber.CucumberRunner" time="3.358" tests="62" errors="0" skipped="0" failures="0">
  <properties>
    <property name="java.runtime.name" value="Java(TM) SE Runtime Environment"/>
    <property name="sun.boot.library.path" value="C:\Program Files\Java\jdk1.8.0_121\jre\bin"/>
    <property name="java.vm.version" value="25.121-b13"/>
    <property name="java.vm.vendor" value="Oracle Corporation"/>
    <property name="maven.multiModuleProjectDirectory" value="C:\Users\srini\IdeaProjects\bestbuyapi-serenity-cucumber-project-07062020"/>
    <property name="java.vendor.url" value="http://java.oracle.com/"/>
    <property name="path.separator" value=";"/>
    <property name="guice.disable.misplaced.annotation.check" value="true"/>
    <property name="java.vm.name" value="Java HotSpot(TM) 64-Bit Server VM"/>
    <property name="file.encoding.pkg" value="sun.io"/>
    <property name="user.script" value=""/>
    <property name="user.country" value="GB"/>
    <property name="sun.java.launcher" value="SUN_STANDARD"/>
    <property name="sun.os.patch.level" value=""/>
    <property name="java.vm.specification.name" value="Java Virtual Machine Specification"/>
    <property name="user.dir" value="C:\Users\srini\IdeaProjects\bestbuyapi-serenity-cucumber-project-07062020"/>
    <property name="java.runtime.version" value="1.8.0_121-b13"/>
    <property name="java.awt.graphicsenv" value="sun.awt.Win32GraphicsEnvironment"/>
    <property name="java.endorsed.dirs" value="C:\Program Files\Java\jdk1.8.0_121\jre\lib\endorsed"/>
    <property name="os.arch" value="amd64"/>
    <property name="java.io.tmpdir" value="C:\Users\srini\AppData\Local\Temp\"/>
    <property name="line.separator" value="&#10;"/>
    <property name="java.vm.specification.vendor" value="Oracle Corporation"/>
    <property name="user.variant" value=""/>
    <property name="os.name" value="Windows 10"/>
    <property name="maven.ext.class.path" value="C:\Program Files\JetBrains\IntelliJ IDEA Community Edition 2019.3.2\plugins\maven\lib\maven-event-listener.jar"/>
    <property name="classworlds.conf" value="C:\Program Files\JetBrains\IntelliJ IDEA Community Edition 2019.3.2\plugins\maven\lib\maven3\bin\m2.conf"/>
    <property name="sun.jnu.encoding" value="Cp1252"/>
    <property name="java.library.path" value="C:\Program Files\Java\jdk1.8.0_121\bin;C:\WINDOWS\Sun\Java\bin;C:\WINDOWS\system32;C:\WINDOWS;C:\ProgramData\Oracle\Java\javapath;C:\Program Files (x86)\Lenovo\FusionEngine;C:\WINDOWS\system32;C:\WINDOWS;C:\WINDOWS\System32\Wbem;C:\WINDOWS\System32\WindowsPowerShell\v1.0\;C:\Program Files (x86)\Common Files\lenovo\easyplussdk\bin;C:\Program Files\Intel\WiFi\bin\;C:\Program Files\Common Files\Intel\WirelessCommon\;C:\WINDOWS\System32\OpenSSH\;C:\Program Files\Java\jdk1.8.0_121\bin;C:\Program Files\Git\cmd;C:\Program Files\Apache\apache-maven-3.6.3\bin;C:\Program Files\nodejs\;C:\Users\srini\AppData\Local\Microsoft\WindowsApps;C:\Users\srini\AppData\Roaming\npm;."/>
    <property name="maven.conf" value="C:\Program Files\JetBrains\IntelliJ IDEA Community Edition 2019.3.2\plugins\maven\lib\maven3/conf"/>
    <property name="java.specification.name" value="Java Platform API Specification"/>
    <property name="java.class.version" value="52.0"/>
    <property name="sun.management.compiler" value="HotSpot 64-Bit Tiered Compilers"/>
    <property name="os.version" value="10.0"/>
    <property name="idea.version2019.3.2" value="true"/>
    <property name="user.home" value="C:\Users\srini"/>
    <property name="user.timezone" value="Europe/London"/>
    <property name="java.awt.printerjob" value="sun.awt.windows.WPrinterJob"/>
    <property name="java.specification.version" value="1.8"/>
    <property name="file.encoding" value="UTF-8"/>
    <property name="user.name" value="srini"/>
    <property name="java.class.path" value="C:\Program Files\JetBrains\IntelliJ IDEA Community Edition 2019.3.2\plugins\maven\lib\maven3\boot\plexus-classworlds-2.6.0.jar;C:\Program Files\JetBrains\IntelliJ IDEA Community Edition 2019.3.2\lib\idea_rt.jar"/>
    <property name="java.vm.specification.version" value="1.8"/>
    <property name="sun.arch.data.model" value="64"/>
    <property name="java.home" value="C:\Program Files\Java\jdk1.8.0_121\jre"/>
    <property name="sun.java.command" value="org.codehaus.classworlds.Launcher -Didea.version2019.3.2 clean verify serenity:aggregate"/>
    <property name="java.specification.vendor" value="Oracle Corporation"/>
    <property name="user.language" value="en"/>
    <property name="awt.toolkit" value="sun.awt.windows.WToolkit"/>
    <property name="java.vm.info" value="mixed mode"/>
    <property name="java.version" value="1.8.0_121"/>
    <property name="java.ext.dirs" value="C:\Program Files\Java\jdk1.8.0_121\jre\lib\ext;C:\WINDOWS\Sun\Java\lib\ext"/>
    <property name="sun.boot.class.path" value="C:\Program Files\Java\jdk1.8.0_121\jre\lib\resources.jar;C:\Program Files\Java\jdk1.8.0_121\jre\lib\rt.jar;C:\Program Files\Java\jdk1.8.0_121\jre\lib\sunrsasign.jar;C:\Program Files\Java\jdk1.8.0_121\jre\lib\jsse.jar;C:\Program Files\Java\jdk1.8.0_121\jre\lib\jce.jar;C:\Program Files\Java\jdk1.8.0_121\jre\lib\charsets.jar;C:\Program Files\Java\jdk1.8.0_121\jre\lib\jfr.jar;C:\Program Files\Java\jdk1.8.0_121\jre\classes"/>
    <property name="java.vendor" value="Oracle Corporation"/>
    <property name="maven.home" value="C:\Program Files\JetBrains\IntelliJ IDEA Community Edition 2019.3.2\plugins\maven\lib\maven3"/>
    <property name="file.separator" value="\"/>
    <property name="java.vendor.url.bug" value="http://bugreport.sun.com/bugreport/"/>
    <property name="sun.cpu.endian" value="little"/>
    <property name="sun.io.unicode.encoding" value="UnicodeLittle"/>
    <property name="sun.desktop" value="windows"/>
    <property name="sun.cpu.isalist" value="amd64"/>
  </properties>
  <testcase name="When User sends a GET request to the categories endpoint,they must get back a valid status code 200" classname="Scenario: Verify if best buy application categories can be accessed by users" time="0"/>
  <testcase name="Scenario: Verify if best buy application categories can be accessed by users" classname="Scenario: Verify if best buy application categories can be accessed by users" time="0.166"/>
  <testcase name="When I create a new category by providing the information name &quot;&lt;Roger Moore Films&gt;&quot; and id &quot;&lt;id&gt;&quot;" classname="Scenario: Create a new Category &amp; verify if the Category is added" time="0"/>
  <testcase name="Then I verify that the Category with &quot;&lt;Roger Moore Films&gt;&quot; is created" classname="Scenario: Create a new Category &amp; verify if the Category is added" time="0"/>
  <testcase name="Scenario: Create a new Category &amp; verify if the Category is added" classname="Scenario: Create a new Category &amp; verify if the Category is added" time="0.07"/>
  <testcase name="When I get the Category created with &quot;id&quot;" classname="Scenario: Getting the Category by id and verifying" time="0"/>
  <testcase name="Then I verify that Category with &quot;id&quot; is obtained" classname="Scenario: Getting the Category by id and verifying" time="0"/>
  <testcase name="Scenario: Getting the Category by id and verifying" classname="Scenario: Getting the Category by id and verifying" time="0.067"/>
  <testcase name="When I update the Category with name" classname="Scenario: Updating the Category created and verify it is updated with status 200" time="0"/>
  <testcase name="Then I verify that the information is updated in the Category" classname="Scenario: Updating the Category created and verify it is updated with status 200" time="0"/>
  <testcase name="Scenario: Updating the Category created and verify it is updated with status 200" classname="Scenario: Updating the Category created and verify it is updated with status 200" time="0.125"/>
  <testcase name="When I delete the Category created with &quot;id&quot;" classname="Scenario: Deleting the Category created and verify it is deleted" time="0"/>
  <testcase name="Then I verify that the Category is deleted and get the status 404" classname="Scenario: Deleting the Category created and verify it is deleted" time="0"/>
  <testcase name="Scenario: Deleting the Category created and verify it is deleted" classname="Scenario: Deleting the Category created and verify it is deleted" time="0.094"/>
  <testcase name="When User sends a GET request to the product endpoint,they must get back a valid status code 200" classname="Scenario: Verify if best buy product application can be accessed by users" time="0"/>
  <testcase name="Scenario: Verify if best buy product application can be accessed by users" classname="Scenario: Verify if best buy product application can be accessed by users" time="0"/>
  <testcase name="When I create a new product by providing the information name &quot;JVM XYZ Mobile&quot; type &quot;iOS5656&quot; upc &quot;36445464656&quot; price &quot;99.99&quot;description &quot;latest high-tech mobile phone&quot; model &quot;JVM13243UK&quot;" classname="| JVM XYZ Mobile | iOS5656 | 36445464656 | 99.99 | latest high-tech mobile phone | JVM13243UK |" time="0"/>
  <testcase name="Then I verify that product is created with name &quot;JVM XYZ Mobile&quot;" classname="| JVM XYZ Mobile | iOS5656 | 36445464656 | 99.99 | latest high-tech mobile phone | JVM13243UK |" time="0"/>
  <testcase name="And I verify that the product with &quot;id&quot; is created" classname="| JVM XYZ Mobile | iOS5656 | 36445464656 | 99.99 | latest high-tech mobile phone | JVM13243UK |" time="0"/>
  <testcase name="| JVM XYZ Mobile | iOS5656 | 36445464656 | 99.99 | latest high-tech mobile phone | JVM13243UK |" classname="| JVM XYZ Mobile | iOS5656 | 36445464656 | 99.99 | latest high-tech mobile phone | JVM13243UK |" time="0"/>
  <testcase name="When I create a new product by providing the information name &quot;JVM ABC Mobile2&quot; type &quot;iOS5656&quot; upc &quot;36445464656&quot; price &quot;99.99&quot;description &quot;latest high-tech mobile phone&quot; model &quot;JVM13243UK&quot;" classname="| JVM ABC Mobile2 | iOS5656 | 36445464656 | 99.99 | latest high-tech mobile phone | JVM13243UK |" time="0"/>
  <testcase name="Then I verify that product is created with name &quot;JVM ABC Mobile2&quot;" classname="| JVM ABC Mobile2 | iOS5656 | 36445464656 | 99.99 | latest high-tech mobile phone | JVM13243UK |" time="0"/>
  <testcase name="And I verify that the product with &quot;id&quot; is created" classname="| JVM ABC Mobile2 | iOS5656 | 36445464656 | 99.99 | latest high-tech mobile phone | JVM13243UK |" time="0"/>
  <testcase name="| JVM ABC Mobile2 | iOS5656 | 36445464656 | 99.99 | latest high-tech mobile phone | JVM13243UK |" classname="| JVM ABC Mobile2 | iOS5656 | 36445464656 | 99.99 | latest high-tech mobile phone | JVM13243UK |" time="0.219"/>
  <testcase name="When I get the product created with &quot;id&quot;" classname="Scenario: Getting the product by id and verifying" time="0.001"/>
  <testcase name="Then I verify that the product with &quot;id&quot; is obtained" classname="Scenario: Getting the product by id and verifying" time="0"/>
  <testcase name="Scenario: Getting the product by id and verifying" classname="Scenario: Getting the product by id and verifying" time="0.226"/>
  <testcase name="When I update the product with name upc price" classname="Scenario: Updating the product created and verify it is updated with status 200" time="0"/>
  <testcase name="Then I verify that the information is updated in the product" classname="Scenario: Updating the product created and verify it is updated with status 200" time="0"/>
  <testcase name="Scenario: Updating the product created and verify it is updated with status 200" classname="Scenario: Updating the product created and verify it is updated with status 200" time="0.257"/>
  <testcase name="When I delete the product created with &quot;id&quot;" classname="Scenario: Deleting the product created and verify it is deleted" time="0"/>
  <testcase name="Then I verify that the product is deleted and get a status is 404" classname="Scenario: Deleting the product created and verify it is deleted" time="0"/>
  <testcase name="Scenario: Deleting the product created and verify it is deleted" classname="Scenario: Deleting the product created and verify it is deleted" time="0.324"/>
  <testcase name="When User sends a GET request to the services endpoint,they must get back a valid status code 200" classname="Scenario: Verify if best buy application services can be accessed by users" time="0"/>
  <testcase name="Scenario: Verify if best buy application services can be accessed by users" classname="Scenario: Verify if best buy application services can be accessed by users" time="0.347"/>
  <testcase name="When I create a new service by providing the information name &quot;&lt;Championship&gt;&quot;" classname="Scenario: Create a new Service &amp; verify if the Service is added" time="0"/>
  <testcase name="Then I verify that the service with &quot;&lt;Championship&gt;&quot; is created" classname="Scenario: Create a new Service &amp; verify if the Service is added" time="0"/>
  <testcase name="Scenario: Create a new Service &amp; verify if the Service is added" classname="Scenario: Create a new Service &amp; verify if the Service is added" time="0.234"/>
  <testcase name="When I get the service created with &quot;id&quot;" classname="Scenario: Getting the services by id and verifying" time="0"/>
  <testcase name="Then I verify that the services with &quot;id&quot; is obtained" classname="Scenario: Getting the services by id and verifying" time="0"/>
  <testcase name="Scenario: Getting the services by id and verifying" classname="Scenario: Getting the services by id and verifying" time="0.219"/>
  <testcase name="When I update the service with name" classname="Scenario: Updating the Service created and verify it is updated with status 200" time="0"/>
  <testcase name="Then I verify that the information is updated in the services" classname="Scenario: Updating the Service created and verify it is updated with status 200" time="0"/>
  <testcase name="Scenario: Updating the Service created and verify it is updated with status 200" classname="Scenario: Updating the Service created and verify it is updated with status 200" time="0.25"/>
  <testcase name="When I delete the service created with &quot;id&quot;" classname="Scenario: Deleting the service created and verify it is deleted" time="0"/>
  <testcase name="Then I verify that the service is deleted and get a status is 404" classname="Scenario: Deleting the service created and verify it is deleted" time="0"/>
  <testcase name="Scenario: Deleting the service created and verify it is deleted" classname="Scenario: Deleting the service created and verify it is deleted" time="0.265"/>
  <testcase name="When User sends a GET request to the stores endpoint,they must get back a valid status code 200" classname="Scenario: Verify if best buy stores application can be accessed by users" time="0"/>
  <testcase name="Scenario: Verify if best buy stores application can be accessed by users" classname="Scenario: Verify if best buy stores application can be accessed by users" time="0.004"/>
  <testcase name="When I create a new Store by providing the information name &quot;Automation Store&quot; type &quot;Rest Assured Tools&quot; address &quot;260 Rockland Avenue&quot; address2 &quot;Uxbridge&quot; city &quot;London&quot; state &quot;West&quot; zip &quot;HA10 88D&quot; lat &quot;45.958785&quot; lng &quot;-90.445596&quot; hours &quot;Mon: 9-6; Tue: 9-6; Wed: 9-6; Thurs: 9-6; Fri: 9-6; Sat: 9-6; Sun: 9-6&quot;" classname="| Automation Store | Rest Assured Tools | 260 Rockland Avenue | Uxbridge | London | West | HA10 88D | 45.958785 | -90.445596 | Mon: 9-6; Tue: 9-6; Wed: 9-6; Thurs: 9-6; Fri: 9-6; Sat: 9-6; Sun: 9-6 |" time="0"/>
  <testcase name="Then I verify that Store is created with name &quot;Automation Store&quot;" classname="| Automation Store | Rest Assured Tools | 260 Rockland Avenue | Uxbridge | London | West | HA10 88D | 45.958785 | -90.445596 | Mon: 9-6; Tue: 9-6; Wed: 9-6; Thurs: 9-6; Fri: 9-6; Sat: 9-6; Sun: 9-6 |" time="0"/>
  <testcase name="And I verify that the Store with &quot;id&quot; is created" classname="| Automation Store | Rest Assured Tools | 260 Rockland Avenue | Uxbridge | London | West | HA10 88D | 45.958785 | -90.445596 | Mon: 9-6; Tue: 9-6; Wed: 9-6; Thurs: 9-6; Fri: 9-6; Sat: 9-6; Sun: 9-6 |" time="0"/>
  <testcase name="| Automation Store | Rest Assured Tools | 260 Rockland Avenue | Uxbridge | London | West | HA10 88D | 45.958785 | -90.445596 | Mon: 9-6; Tue: 9-6; Wed: 9-6; Thurs: 9-6; Fri: 9-6; Sat: 9-6; Sun: 9-6 |" classname="| Automation Store | Rest Assured Tools | 260 Rockland Avenue | Uxbridge | London | West | HA10 88D | 45.958785 | -90.445596 | Mon: 9-6; Tue: 9-6; Wed: 9-6; Thurs: 9-6; Fri: 9-6; Sat: 9-6; Sun: 9-6 |" time="0.004"/>
  <testcase name="When I get the Store created with &quot;id&quot;" classname="Scenario: Getting the Store by id and verifying" time="0"/>
  <testcase name="Then I verify that the Store with &quot;id&quot; is obtained" classname="Scenario: Getting the Store by id and verifying" time="0"/>
  <testcase name="Scenario: Getting the Store by id and verifying" classname="Scenario: Getting the Store by id and verifying" time="0.006"/>
  <testcase name="When I update the store with name type" classname="Scenario: Updating the Store created and verify it is updated with status 200" time="0"/>
  <testcase name="Then I verify that the information is updated in the store" classname="Scenario: Updating the Store created and verify it is updated with status 200" time="0"/>
  <testcase name="Scenario: Updating the Store created and verify it is updated with status 200" classname="Scenario: Updating the Store created and verify it is updated with status 200" time="0.324"/>
  <testcase name="When I delete the Store created with &quot;id&quot;" classname="Scenario: Deleting the Store created and verify it is deleted" time="0"/>
  <testcase name="Then I verify that the Store is deleted and get a status 404" classname="Scenario: Deleting the Store created and verify it is deleted" time="0"/>
  <testcase name="Scenario: Deleting the Store created and verify it is deleted" classname="Scenario: Deleting the Store created and verify it is deleted" time="0.156"/>
</testsuite>